<?xml version="1.0" encoding="UTF-8"?>
<testsuite xmlns:xsi="http://www.w3.org/2001/XMLSchema-instance" xsi:noNamespaceSchemaLocation="https://maven.apache.org/surefire/maven-surefire-plugin/xsd/surefire-test-report-3.0.xsd" version="3.0" name="mx.uam.tsis.ejemplobackend.servicios.AlumnoControllerIntegrationTest" time="5.102" tests="2" errors="0" skipped="0" failures="0">
  <properties>
[...]
</properties>
  <testcase name="testUpdate200" classname="mx.uam.tsis.ejemplobackend.servicios.AlumnoControllerIntegrationTest" time="0.671">
    <system-out><![CDATA[13:45:54.328 [main] INFO org.springframework.boot.test.context.SpringBootTestContextBootstrapper -- Found @SpringBootConfiguration mx.uam.tsis.ejemplobackend.EjemplobackendApplication for test class mx.uam.tsis.ejemplobackend.servicios.AlumnoControllerIntegrationTest
13:45:54.492 [main] INFO org.springframework.boot.devtools.restart.RestartApplicationListener -- Restart disabled due to context in which it is running

  .   ____          _            __ _ _
 /\\ / ___'_ __ _ _(_)_ __  __ _ \ \ \ \
( ( )\___ | '_ | '_| | '_ \/ _` | \ \ \ \
 \\/  ___)| |_)| | | | | || (_| |  ) ) ) )
  '  |____| .__|_| |_|_| |_\__, | / / / /
 =========|_|==============|___/=/_/_/_/
 :: Spring Boot ::                (v3.2.3)

2025-04-10T13:45:54.780-06:00  INFO 41145 --- [           main] .u.t.e.s.AlumnoControllerIntegrationTest : Starting AlumnoControllerIntegrationTest using Java 21.0.6 with PID 41145 (started by humbertocervantes in /Users/humbertocervantes/Documents/miniDevOps)
2025-04-10T13:45:54.781-06:00  INFO 41145 --- [           main] .u.t.e.s.AlumnoControllerIntegrationTest : The following 1 profile is active: "test"
2025-04-10T13:45:55.399-06:00  INFO 41145 --- [           main] .s.d.r.c.RepositoryConfigurationDelegate : Bootstrapping Spring Data JPA repositories in DEFAULT mode.
2025-04-10T13:45:55.426-06:00  INFO 41145 --- [           main] .s.d.r.c.RepositoryConfigurationDelegate : Finished Spring Data repository scanning in 21 ms. Found 2 JPA repository interfaces.
2025-04-10T13:45:55.949-06:00  INFO 41145 --- [           main] o.s.b.w.embedded.tomcat.TomcatWebServer  : Tomcat initialized with port 0 (http)
2025-04-10T13:45:55.959-06:00  INFO 41145 --- [           main] o.apache.catalina.core.StandardService   : Starting service [Tomcat]
2025-04-10T13:45:55.960-06:00  INFO 41145 --- [           main] o.apache.catalina.core.StandardEngine    : Starting Servlet engine: [Apache Tomcat/10.1.19]
2025-04-10T13:45:55.994-06:00  INFO 41145 --- [           main] o.a.c.c.C.[Tomcat].[localhost].[/]       : Initializing Spring embedded WebApplicationContext
2025-04-10T13:45:55.994-06:00  INFO 41145 --- [           main] w.s.c.ServletWebServerApplicationContext : Root WebApplicationContext: initialization completed in 1195 ms
2025-04-10T13:45:56.085-06:00  INFO 41145 --- [           main] com.zaxxer.hikari.HikariDataSource       : HikariPool-1 - Starting...
2025-04-10T13:45:56.289-06:00  INFO 41145 --- [           main] com.zaxxer.hikari.pool.HikariPool        : HikariPool-1 - Added connection conn0: url=jdbc:h2:mem:testdb user=SA
2025-04-10T13:45:56.290-06:00  INFO 41145 --- [           main] com.zaxxer.hikari.HikariDataSource       : HikariPool-1 - Start completed.
2025-04-10T13:45:56.298-06:00  INFO 41145 --- [           main] o.s.b.a.h2.H2ConsoleAutoConfiguration    : H2 console available at '/h2-console'. Database available at 'jdbc:h2:mem:testdb'
2025-04-10T13:45:56.424-06:00  INFO 41145 --- [           main] o.hibernate.jpa.internal.util.LogHelper  : HHH000204: Processing PersistenceUnitInfo [name: default]
2025-04-10T13:45:56.475-06:00  INFO 41145 --- [           main] org.hibernate.Version                    : HHH000412: Hibernate ORM core version 6.4.4.Final
2025-04-10T13:45:56.497-06:00  INFO 41145 --- [           main] o.h.c.internal.RegionFactoryInitiator    : HHH000026: Second-level cache disabled
2025-04-10T13:45:56.657-06:00  INFO 41145 --- [           main] o.s.o.j.p.SpringPersistenceUnitInfo      : No LoadTimeWeaver setup: ignoring JPA class transformer
2025-04-10T13:45:56.690-06:00  WARN 41145 --- [           main] org.hibernate.orm.deprecation            : HHH90000025: H2Dialect does not need to be specified explicitly using 'hibernate.dialect' (remove the property setting and it will be selected by default)
2025-04-10T13:45:57.331-06:00  INFO 41145 --- [           main] o.h.e.t.j.p.i.JtaPlatformInitiator       : HHH000489: No JTA platform available (set 'hibernate.transaction.jta.platform' to enable JTA platform integration)
2025-04-10T13:45:57.354-06:00  INFO 41145 --- [           main] j.LocalContainerEntityManagerFactoryBean : Initialized JPA EntityManagerFactory for persistence unit 'default'
2025-04-10T13:45:57.633-06:00  WARN 41145 --- [           main] JpaBaseConfiguration$JpaWebConfiguration : spring.jpa.open-in-view is enabled by default. Therefore, database queries may be performed during view rendering. Explicitly configure spring.jpa.open-in-view to disable this warning
2025-04-10T13:45:57.807-06:00  INFO 41145 --- [           main] o.s.b.a.w.s.WelcomePageHandlerMapping    : Adding welcome page template: index
2025-04-10T13:45:58.006-06:00  INFO 41145 --- [           main] o.s.b.a.e.web.EndpointLinksResolver      : Exposing 3 endpoint(s) beneath base path '/actuator'
2025-04-10T13:45:58.042-06:00  INFO 41145 --- [           main] o.s.s.web.DefaultSecurityFilterChain     : Will secure any request with [org.springframework.security.web.session.DisableEncodeUrlFilter@6f6fc248, org.springframework.security.web.context.request.async.WebAsyncManagerIntegrationFilter@79ff8e36, org.springframework.security.web.context.SecurityContextHolderFilter@19abd0d5, org.springframework.security.web.header.HeaderWriterFilter@65994a28, org.springframework.web.filter.CorsFilter@36ac0bbc, org.springframework.security.web.authentication.logout.LogoutFilter@213ce8e2, org.springframework.security.web.savedrequest.RequestCacheAwareFilter@35b4521d, org.springframework.security.web.servletapi.SecurityContextHolderAwareRequestFilter@68f429ad, org.springframework.security.web.authentication.AnonymousAuthenticationFilter@6a1e902a, org.springframework.security.web.access.ExceptionTranslationFilter@150a9b58, org.springframework.security.web.access.intercept.AuthorizationFilter@4299c1af]
2025-04-10T13:45:58.336-06:00  INFO 41145 --- [           main] o.s.b.w.embedded.tomcat.TomcatWebServer  : Tomcat started on port 54118 (http) with context path ''
2025-04-10T13:45:58.356-06:00  INFO 41145 --- [           main] .u.t.e.s.AlumnoControllerIntegrationTest : Started AlumnoControllerIntegrationTest in 3.874 seconds (process running for 4.887)
2025-04-10T13:45:58.910-06:00  INFO 41145 --- [o-auto-1-exec-1] o.a.c.c.C.[Tomcat].[localhost].[/]       : Initializing Spring DispatcherServlet 'dispatcherServlet'
2025-04-10T13:45:58.910-06:00  INFO 41145 --- [o-auto-1-exec-1] o.s.web.servlet.DispatcherServlet        : Initializing Servlet 'dispatcherServlet'
2025-04-10T13:45:58.911-06:00  INFO 41145 --- [o-auto-1-exec-1] o.s.web.servlet.DispatcherServlet        : Completed initialization in 1 ms
2025-04-10T13:45:58.974-06:00  INFO 41145 --- [o-auto-1-exec-1] m.u.t.e.negocio.AlumnoService            : Persistiendo los cambios Electrónica
]]></system-out>
    <system-err><![CDATA[WARNING: A Java agent has been loaded dynamically (/Users/humbertocervantes/.m2/repository/net/bytebuddy/byte-buddy-agent/1.14.12/byte-buddy-agent-1.14.12.jar)
WARNING: If a serviceability tool is in use, please run with -XX:+EnableDynamicAgentLoading to hide this warning
WARNING: If a serviceability tool is not in use, please run with -Djdk.instrument.traceUsage for more information
WARNING: Dynamic loading of agents will be disallowed by default in a future release
]]></system-err>
  </testcase>
  <testcase name="testPost" classname="mx.uam.tsis.ejemplobackend.servicios.AlumnoControllerIntegrationTest" time="0.012">
    <system-out><![CDATA[2025-04-10T13:45:59.075-06:00  INFO 41145 --- [o-auto-1-exec-2] m.u.t.e.servicios.AlumnoController       : Recibí llamada a create con mx.uam.tsis.ejemplobackend.negocio.modelo.Alumno@bc616d
2025-04-10T13:45:59.078-06:00  INFO 41145 --- [           main] .u.t.e.s.AlumnoControllerIntegrationTest : Me regresó:mx.uam.tsis.ejemplobackend.negocio.modelo.Alumno@bc616d
]]></system-out>
  </testcase>
</testsuite>